d:\code\tetris\tetris\x64\debug\vc143.pdb
d:\code\tetris\tetris\x64\debug\vc143.idb
d:\code\tetris\tetris\x64\debug\æº.obj
d:\code\tetris\tetris\x64\debug\set.obj
d:\code\tetris\tetris\x64\debug\tetris.ilk
d:\code\tetris\x64\debug\tetris.pdb
d:\code\tetris\tetris\x64\debug\tetris.tlog\cl.command.1.tlog
d:\code\tetris\tetris\x64\debug\tetris.tlog\cl.items.tlog
d:\code\tetris\tetris\x64\debug\tetris.tlog\cl.read.1.tlog
d:\code\tetris\tetris\x64\debug\tetris.tlog\cl.write.1.tlog
d:\code\tetris\tetris\x64\debug\tetris.tlog\link.3212-cvtres.read.1.tlog
d:\code\tetris\tetris\x64\debug\tetris.tlog\link.3212-cvtres.write.1.tlog
d:\code\tetris\tetris\x64\debug\tetris.tlog\link.3212-rc.read.1.tlog
d:\code\tetris\tetris\x64\debug\tetris.tlog\link.3212-rc.write.1.tlog
d:\code\tetris\tetris\x64\debug\tetris.tlog\link.3212.read.1.tlog
d:\code\tetris\tetris\x64\debug\tetris.tlog\link.3212.read.2.tlog
d:\code\tetris\tetris\x64\debug\tetris.tlog\link.3212.read.3.tlog
d:\code\tetris\tetris\x64\debug\tetris.tlog\link.3212.read.4.tlog
d:\code\tetris\tetris\x64\debug\tetris.tlog\link.3212.write.1.tlog
d:\code\tetris\tetris\x64\debug\tetris.tlog\link.command.1.tlog
d:\code\tetris\tetris\x64\debug\tetris.tlog\link.read.1.tlog
d:\code\tetris\tetris\x64\debug\tetris.tlog\link.secondary.1.tlog
d:\code\tetris\tetris\x64\debug\tetris.tlog\link.write.1.tlog
